# JRE version: Java(TM) SE Runtime Environment (8.0_144-b01) (build 1.8.0_144-b01)
# Java VM: Java HotSpot(TM) 64-Bit Server VM (25.144-b01 mixed mode windows-amd64 compressed oops)
Heap:
 PSYoungGen      total 194560K, used 134326K [0x00000000d6180000, 0x00000000e2b80000, 0x0000000100000000)
  eden space 182272K, 67% used [0x00000000d6180000,0x00000000dd948290,0x00000000e1380000)
  from space 12288K, 94% used [0x00000000e1380000,0x00000000e1ee5908,0x00000000e1f80000)
  to   space 9728K, 0% used [0x00000000e1f80000,0x00000000e1f80000,0x00000000e2900000)
 ParOldGen       total 66560K, used 18894K [0x0000000082400000, 0x0000000086500000, 0x00000000d6180000)
  object space 66560K, 28% used [0x0000000082400000,0x00000000836738d8,0x0000000086500000)
 Metaspace       used 48070K, capacity 48548K, committed 49024K, reserved 1091584K
  class space    used 6054K, capacity 6189K, committed 6272K, reserved 1048576K
GC Heap History (10 events):
Event: 7.113 GC heap before
{Heap before GC invocations=9 (full 1):
 PSYoungGen      total 74240K, used 69720K [0x00000000d6180000, 0x00000000deb80000, 0x0000000100000000)
  eden space 65536K, 100% used [0x00000000d6180000,0x00000000da180000,0x00000000da180000)
  from space 8704K, 48% used [0x00000000da180000,0x00000000da596378,0x00000000daa00000)
  to   space 8704K, 0% used [0x00000000de300000,0x00000000de300000,0x00000000deb80000)
 ParOldGen       total 45056K, used 6160K [0x0000000082400000, 0x0000000085000000, 0x00000000d6180000)
  object space 45056K, 13% used [0x0000000082400000,0x0000000082a04060,0x0000000085000000)
 Metaspace       used 25656K, capacity 26040K, committed 26368K, reserved 1073152K
  class space    used 3130K, capacity 3233K, committed 3328K, reserved 1048576K
Event: 7.132 GC heap after
Heap after GC invocations=9 (full 1):
 PSYoungGen      total 130560K, used 5911K [0x00000000d6180000, 0x00000000dea80000, 0x0000000100000000)
  eden space 122880K, 0% used [0x00000000d6180000,0x00000000d6180000,0x00000000dd980000)
  from space 7680K, 76% used [0x00000000de300000,0x00000000de8c5df0,0x00000000dea80000)
  to   space 8704K, 0% used [0x00000000dd980000,0x00000000dd980000,0x00000000de200000)
 ParOldGen       total 45056K, used 6168K [0x0000000082400000, 0x0000000085000000, 0x00000000d6180000)
  object space 45056K, 13% used [0x0000000082400000,0x0000000082a06060,0x0000000085000000)
 Metaspace       used 25656K, capacity 26040K, committed 26368K, reserved 1073152K
  class space    used 3130K, capacity 3233K, committed 3328K, reserved 1048576K
}
Event: 9.209 GC heap before
{Heap before GC invocations=10 (full 1):
 PSYoungGen      total 130560K, used 128791K [0x00000000d6180000, 0x00000000dea80000, 0x0000000100000000)
  eden space 122880K, 100% used [0x00000000d6180000,0x00000000dd980000,0x00000000dd980000)
  from space 7680K, 76% used [0x00000000de300000,0x00000000de8c5df0,0x00000000dea80000)
  to   space 8704K, 0% used [0x00000000dd980000,0x00000000dd980000,0x00000000de200000)
 ParOldGen       total 45056K, used 6168K [0x0000000082400000, 0x0000000085000000, 0x00000000d6180000)
  object space 45056K, 13% used [0x0000000082400000,0x0000000082a06060,0x0000000085000000)
 Metaspace       used 29758K, capacity 30218K, committed 30464K, reserved 1075200K
  class space    used 3702K, capacity 3796K, committed 3840K, reserved 1048576K
Event: 9.228 GC heap after
Heap after GC invocations=10 (full 1):
 PSYoungGen      total 131584K, used 8681K [0x00000000d6180000, 0x00000000e2900000, 0x0000000100000000)
  eden space 122880K, 0% used [0x00000000d6180000,0x00000000d6180000,0x00000000dd980000)
  from space 8704K, 99% used [0x00000000dd980000,0x00000000de1fa4e0,0x00000000de200000)
  to   space 9728K, 0% used [0x00000000e1f80000,0x00000000e1f80000,0x00000000e2900000)
 ParOldGen       total 45056K, used 7495K [0x0000000082400000, 0x0000000085000000, 0x00000000d6180000)
  object space 45056K, 16% used [0x0000000082400000,0x0000000082b51c28,0x0000000085000000)
 Metaspace       used 29758K, capacity 30218K, committed 30464K, reserved 1075200K
  class space    used 3702K, capacity 3796K, committed 3840K, reserved 1048576K
}
Event: 14.435 GC heap before
{Heap before GC invocations=11 (full 1):
 PSYoungGen      total 131584K, used 105591K [0x00000000d6180000, 0x00000000e2900000, 0x0000000100000000)
  eden space 122880K, 78% used [0x00000000d6180000,0x00000000dc023978,0x00000000dd980000)
  from space 8704K, 99% used [0x00000000dd980000,0x00000000de1fa4e0,0x00000000de200000)
  to   space 9728K, 0% used [0x00000000e1f80000,0x00000000e1f80000,0x00000000e2900000)
 ParOldGen       total 45056K, used 7495K [0x0000000082400000, 0x0000000085000000, 0x00000000d6180000)
  object space 45056K, 16% used [0x0000000082400000,0x0000000082b51c28,0x0000000085000000)
 Metaspace       used 34897K, capacity 35298K, committed 35456K, reserved 1081344K
  class space    used 4337K, capacity 4440K, committed 4480K, reserved 1048576K
Event: 14.460 GC heap after
Heap after GC invocations=11 (full 1):
 PSYoungGen      total 192000K, used 9697K [0x00000000d6180000, 0x00000000e2b80000, 0x0000000100000000)
  eden space 182272K, 0% used [0x00000000d6180000,0x00000000d6180000,0x00000000e1380000)
  from space 9728K, 99% used [0x00000000e1f80000,0x00000000e28f87e0,0x00000000e2900000)
  to   space 12288K, 0% used [0x00000000e1380000,0x00000000e1380000,0x00000000e1f80000)
 ParOldGen       total 45056K, used 11335K [0x0000000082400000, 0x0000000085000000, 0x00000000d6180000)
  object space 45056K, 25% used [0x0000000082400000,0x0000000082f11e38,0x0000000085000000)
 Metaspace       used 34897K, capacity 35298K, committed 35456K, reserved 1081344K
  class space    used 4337K, capacity 4440K, committed 4480K, reserved 1048576K
}
Event: 14.460 GC heap before
{Heap before GC invocations=12 (full 2):
 PSYoungGen      total 192000K, used 9697K [0x00000000d6180000, 0x00000000e2b80000, 0x0000000100000000)
  eden space 182272K, 0% used [0x00000000d6180000,0x00000000d6180000,0x00000000e1380000)
  from space 9728K, 99% used [0x00000000e1f80000,0x00000000e28f87e0,0x00000000e2900000)
  to   space 12288K, 0% used [0x00000000e1380000,0x00000000e1380000,0x00000000e1f80000)
 ParOldGen       total 45056K, used 11335K [0x0000000082400000, 0x0000000085000000, 0x00000000d6180000)
  object space 45056K, 25% used [0x0000000082400000,0x0000000082f11e38,0x0000000085000000)
 Metaspace       used 34897K, capacity 35298K, committed 35456K, reserved 1081344K
  class space    used 4337K, capacity 4440K, committed 4480K, reserved 1048576K
Event: 14.576 GC heap after
Heap after GC invocations=12 (full 2):
 PSYoungGen      total 192000K, used 0K [0x00000000d6180000, 0x00000000e2b80000, 0x0000000100000000)
  eden space 182272K, 0% used [0x00000000d6180000,0x00000000d6180000,0x00000000e1380000)
  from space 9728K, 0% used [0x00000000e1f80000,0x00000000e1f80000,0x00000000e2900000)
  to   space 12288K, 0% used [0x00000000e1380000,0x00000000e1380000,0x00000000e1f80000)
 ParOldGen       total 66560K, used 18894K [0x0000000082400000, 0x0000000086500000, 0x00000000d6180000)
  object space 66560K, 28% used [0x0000000082400000,0x00000000836738d8,0x0000000086500000)
 Metaspace       used 34897K, capacity 35298K, committed 35456K, reserved 1081344K
  class space    used 4337K, capacity 4440K, committed 4480K, reserved 1048576K
}
Event: 16.692 GC heap before
{Heap before GC invocations=13 (full 2):
 PSYoungGen      total 192000K, used 182272K [0x00000000d6180000, 0x00000000e2b80000, 0x0000000100000000)
  eden space 182272K, 100% used [0x00000000d6180000,0x00000000e1380000,0x00000000e1380000)
  from space 9728K, 0% used [0x00000000e1f80000,0x00000000e1f80000,0x00000000e2900000)
  to   space 12288K, 0% used [0x00000000e1380000,0x00000000e1380000,0x00000000e1f80000)
 ParOldGen       total 66560K, used 18894K [0x0000000082400000, 0x0000000086500000, 0x00000000d6180000)
  object space 66560K, 28% used [0x0000000082400000,0x00000000836738d8,0x0000000086500000)
 Metaspace       used 44686K, capacity 45128K, committed 45312K, reserved 1089536K
  class space    used 5705K, capacity 5817K, committed 5888K, reserved 1048576K
Event: 16.715 GC heap after
Heap after GC invocations=13 (full 2):
 PSYoungGen      total 194560K, used 11670K [0x00000000d6180000, 0x00000000e2b80000, 0x0000000100000000)
  eden space 182272K, 0% used [0x00000000d6180000,0x00000000d6180000,0x00000000e1380000)
  from space 12288K, 94% used [0x00000000e1380000,0x00000000e1ee5908,0x00000000e1f80000)
  to   space 9728K, 0% used [0x00000000e1f80000,0x00000000e1f80000,0x00000000e2900000)
 ParOldGen       total 66560K, used 18894K [0x0000000082400000, 0x0000000086500000, 0x00000000d6180000)
  object space 66560K, 28% used [0x0000000082400000,0x00000000836738d8,0x0000000086500000)
 Metaspace       used 44686K, capacity 45128K, committed 45312K, reserved 1089536K
  class space    used 5705K, capacity 5817K, committed 5888K, reserved 1048576K
}

