# JRE version: Java(TM) SE Runtime Environment (8.0_161-b12) (build 1.8.0_161-b12)
# Java VM: Java HotSpot(TM) Client VM (25.161-b12 mixed mode windows-x86 )
Heap:
 def new generation   total 11904K, used 4204K [0x07600000, 0x082e0000, 0x0cb50000)
  eden space 10624K,  29% used [0x07600000, 0x0791a908, 0x08060000)
  from space 1280K,  80% used [0x081a0000, 0x082a0a48, 0x082e0000)
  to   space 1280K,   0% used [0x08060000, 0x08060000, 0x081a0000)
 tenured generation   total 26356K, used 21773K [0x0cb50000, 0x0e50d000, 0x17600000)
   the space 26356K,  82% used [0x0cb50000, 0x0e093728, 0x0e093800, 0x0e50d000)
 Metaspace       used 24091K, capacity 24376K, committed 24448K, reserved 24960K
GC Heap History (10 events):
Event: 12.582 GC heap before
{Heap before GC invocations=89 (full 3):
 def new generation   total 11904K, used 11326K [0x07600000, 0x082e0000, 0x0cb50000)
  eden space 10624K, 100% used [0x07600000, 0x08060000, 0x08060000)
  from space 1280K,  54% used [0x08060000, 0x0810fbd8, 0x081a0000)
  to   space 1280K,   0% used [0x081a0000, 0x081a0000, 0x082e0000)
 tenured generation   total 26356K, used 21068K [0x0cb50000, 0x0e50d000, 0x17600000)
   the space 26356K,  79% used [0x0cb50000, 0x0dfe3198, 0x0dfe3200, 0x0e50d000)
 Metaspace       used 21774K, capacity 22072K, committed 22144K, reserved 22912K
Event: 12.585 GC heap after
Heap after GC invocations=90 (full 3):
 def new generation   total 11904K, used 858K [0x07600000, 0x082e0000, 0x0cb50000)
  eden space 10624K,   0% used [0x07600000, 0x07600000, 0x08060000)
  from space 1280K,  67% used [0x081a0000, 0x082769c0, 0x082e0000)
  to   space 1280K,   0% used [0x08060000, 0x08060000, 0x081a0000)
 tenured generation   total 26356K, used 21250K [0x0cb50000, 0x0e50d000, 0x17600000)
   the space 26356K,  80% used [0x0cb50000, 0x0e010870, 0x0e010a00, 0x0e50d000)
 Metaspace       used 21774K, capacity 22072K, committed 22144K, reserved 22912K
}
Event: 12.745 GC heap before
{Heap before GC invocations=90 (full 3):
 def new generation   total 11904K, used 11482K [0x07600000, 0x082e0000, 0x0cb50000)
  eden space 10624K, 100% used [0x07600000, 0x08060000, 0x08060000)
  from space 1280K,  67% used [0x081a0000, 0x082769c0, 0x082e0000)
  to   space 1280K,   0% used [0x08060000, 0x08060000, 0x081a0000)
 tenured generation   total 26356K, used 21250K [0x0cb50000, 0x0e50d000, 0x17600000)
   the space 26356K,  80% used [0x0cb50000, 0x0e010870, 0x0e010a00, 0x0e50d000)
 Metaspace       used 22149K, capacity 22424K, committed 22528K, reserved 22912K
Event: 12.749 GC heap after
Heap after GC invocations=91 (full 3):
 def new generation   total 11904K, used 626K [0x07600000, 0x082e0000, 0x0cb50000)
  eden space 10624K,   0% used [0x07600000, 0x07600000, 0x08060000)
  from space 1280K,  48% used [0x08060000, 0x080fc908, 0x081a0000)
  to   space 1280K,   0% used [0x081a0000, 0x081a0000, 0x082e0000)
 tenured generation   total 26356K, used 21391K [0x0cb50000, 0x0e50d000, 0x17600000)
   the space 26356K,  81% used [0x0cb50000, 0x0e033dc8, 0x0e033e00, 0x0e50d000)
 Metaspace       used 22149K, capacity 22424K, committed 22528K, reserved 22912K
}
Event: 12.897 GC heap before
{Heap before GC invocations=91 (full 3):
 def new generation   total 11904K, used 11250K [0x07600000, 0x082e0000, 0x0cb50000)
  eden space 10624K, 100% used [0x07600000, 0x08060000, 0x08060000)
  from space 1280K,  48% used [0x08060000, 0x080fc908, 0x081a0000)
  to   space 1280K,   0% used [0x081a0000, 0x081a0000, 0x082e0000)
 tenured generation   total 26356K, used 21391K [0x0cb50000, 0x0e50d000, 0x17600000)
   the space 26356K,  81% used [0x0cb50000, 0x0e033dc8, 0x0e033e00, 0x0e50d000)
 Metaspace       used 22728K, capacity 23000K, committed 23168K, reserved 23936K
Event: 12.902 GC heap after
Heap after GC invocations=92 (full 3):
 def new generation   total 11904K, used 998K [0x07600000, 0x082e0000, 0x0cb50000)
  eden space 10624K,   0% used [0x07600000, 0x07600000, 0x08060000)
  from space 1280K,  77% used [0x081a0000, 0x08299828, 0x082e0000)
  to   space 1280K,   0% used [0x08060000, 0x08060000, 0x081a0000)
 tenured generation   total 26356K, used 21391K [0x0cb50000, 0x0e50d000, 0x17600000)
   the space 26356K,  81% used [0x0cb50000, 0x0e033dc8, 0x0e033e00, 0x0e50d000)
 Metaspace       used 22728K, capacity 23000K, committed 23168K, reserved 23936K
}
Event: 13.011 GC heap before
{Heap before GC invocations=92 (full 3):
 def new generation   total 11904K, used 11622K [0x07600000, 0x082e0000, 0x0cb50000)
  eden space 10624K, 100% used [0x07600000, 0x08060000, 0x08060000)
  from space 1280K,  77% used [0x081a0000, 0x08299828, 0x082e0000)
  to   space 1280K,   0% used [0x08060000, 0x08060000, 0x081a0000)
 tenured generation   total 26356K, used 21391K [0x0cb50000, 0x0e50d000, 0x17600000)
   the space 26356K,  81% used [0x0cb50000, 0x0e033dc8, 0x0e033e00, 0x0e50d000)
 Metaspace       used 23390K, capacity 23672K, committed 23808K, reserved 23936K
Event: 13.016 GC heap after
Heap after GC invocations=93 (full 3):
 def new generation   total 11904K, used 880K [0x07600000, 0x082e0000, 0x0cb50000)
  eden space 10624K,   0% used [0x07600000, 0x07600000, 0x08060000)
  from space 1280K,  68% used [0x08060000, 0x0813c3c8, 0x081a0000)
  to   space 1280K,   0% used [0x081a0000, 0x081a0000, 0x082e0000)
 tenured generation   total 26356K, used 21666K [0x0cb50000, 0x0e50d000, 0x17600000)
   the space 26356K,  82% used [0x0cb50000, 0x0e078a68, 0x0e078c00, 0x0e50d000)
 Metaspace       used 23390K, capacity 23672K, committed 23808K, reserved 23936K
}
Event: 13.172 GC heap before
{Heap before GC invocations=93 (full 3):
 def new generation   total 11904K, used 11504K [0x07600000, 0x082e0000, 0x0cb50000)
  eden space 10624K, 100% used [0x07600000, 0x08060000, 0x08060000)
  from space 1280K,  68% used [0x08060000, 0x0813c3c8, 0x081a0000)
  to   space 1280K,   0% used [0x081a0000, 0x081a0000, 0x082e0000)
 tenured generation   total 26356K, used 21666K [0x0cb50000, 0x0e50d000, 0x17600000)
   the space 26356K,  82% used [0x0cb50000, 0x0e078a68, 0x0e078c00, 0x0e50d000)
 Metaspace       used 23954K, capacity 24248K, committed 24320K, reserved 24960K
Event: 13.178 GC heap after
Heap after GC invocations=94 (full 3):
 def new generation   total 11904K, used 1026K [0x07600000, 0x082e0000, 0x0cb50000)
  eden space 10624K,   0% used [0x07600000, 0x07600000, 0x08060000)
  from space 1280K,  80% used [0x081a0000, 0x082a0a48, 0x082e0000)
  to   space 1280K,   0% used [0x08060000, 0x08060000, 0x081a0000)
 tenured generation   total 26356K, used 21773K [0x0cb50000, 0x0e50d000, 0x17600000)
   the space 26356K,  82% used [0x0cb50000, 0x0e093728, 0x0e093800, 0x0e50d000)
 Metaspace       used 23954K, capacity 24248K, committed 24320K, reserved 24960K
}

