# JRE version: Java(TM) SE Runtime Environment (8.0_144-b01) (build 1.8.0_144-b01)
# Java VM: Java HotSpot(TM) 64-Bit Server VM (25.144-b01 mixed mode windows-amd64 compressed oops)
Heap:
 PSYoungGen      total 190976K, used 38729K [0x00000000d6180000, 0x00000000e2800000, 0x0000000100000000)
  eden space 178688K, 17% used [0x00000000d6180000,0x00000000d80048d8,0x00000000e1000000)
  from space 12288K, 60% used [0x00000000e1000000,0x00000000e174dea0,0x00000000e1c00000)
  to   space 9728K, 0% used [0x00000000e1c80000,0x00000000e1c80000,0x00000000e2600000)
 ParOldGen       total 67072K, used 30550K [0x0000000082400000, 0x0000000086580000, 0x00000000d6180000)
  object space 67072K, 45% used [0x0000000082400000,0x00000000841d58d0,0x0000000086580000)
 Metaspace       used 54124K, capacity 54690K, committed 55168K, reserved 1097728K
  class space    used 6842K, capacity 6979K, committed 7040K, reserved 1048576K
GC Heap History (10 events):
Event: 14.638 GC heap before
{Heap before GC invocations=11 (full 1):
 PSYoungGen      total 130560K, used 109253K [0x00000000d6180000, 0x00000000e2600000, 0x0000000100000000)
  eden space 121856K, 82% used [0x00000000d6180000,0x00000000dc3b5400,0x00000000dd880000)
  from space 8704K, 99% used [0x00000000dd880000,0x00000000de0fc388,0x00000000de100000)
  to   space 9728K, 0% used [0x00000000e1c80000,0x00000000e1c80000,0x00000000e2600000)
 ParOldGen       total 45056K, used 6807K [0x0000000082400000, 0x0000000085000000, 0x00000000d6180000)
  object space 45056K, 15% used [0x0000000082400000,0x0000000082aa5f68,0x0000000085000000)
 Metaspace       used 34911K, capacity 35334K, committed 35456K, reserved 1081344K
  class space    used 4336K, capacity 4472K, committed 4480K, reserved 1048576K
Event: 14.656 GC heap after
Heap after GC invocations=11 (full 1):
 PSYoungGen      total 188416K, used 9718K [0x00000000d6180000, 0x00000000e2800000, 0x0000000100000000)
  eden space 178688K, 0% used [0x00000000d6180000,0x00000000d6180000,0x00000000e1000000)
  from space 9728K, 99% used [0x00000000e1c80000,0x00000000e25fda88,0x00000000e2600000)
  to   space 12288K, 0% used [0x00000000e1000000,0x00000000e1000000,0x00000000e1c00000)
 ParOldGen       total 45056K, used 10943K [0x0000000082400000, 0x0000000085000000, 0x00000000d6180000)
  object space 45056K, 24% used [0x0000000082400000,0x0000000082eafe88,0x0000000085000000)
 Metaspace       used 34911K, capacity 35334K, committed 35456K, reserved 1081344K
  class space    used 4336K, capacity 4472K, committed 4480K, reserved 1048576K
}
Event: 14.656 GC heap before
{Heap before GC invocations=12 (full 2):
 PSYoungGen      total 188416K, used 9718K [0x00000000d6180000, 0x00000000e2800000, 0x0000000100000000)
  eden space 178688K, 0% used [0x00000000d6180000,0x00000000d6180000,0x00000000e1000000)
  from space 9728K, 99% used [0x00000000e1c80000,0x00000000e25fda88,0x00000000e2600000)
  to   space 12288K, 0% used [0x00000000e1000000,0x00000000e1000000,0x00000000e1c00000)
 ParOldGen       total 45056K, used 10943K [0x0000000082400000, 0x0000000085000000, 0x00000000d6180000)
  object space 45056K, 24% used [0x0000000082400000,0x0000000082eafe88,0x0000000085000000)
 Metaspace       used 34911K, capacity 35334K, committed 35456K, reserved 1081344K
  class space    used 4336K, capacity 4472K, committed 4480K, reserved 1048576K
Event: 14.818 GC heap after
Heap after GC invocations=12 (full 2):
 PSYoungGen      total 188416K, used 0K [0x00000000d6180000, 0x00000000e2800000, 0x0000000100000000)
  eden space 178688K, 0% used [0x00000000d6180000,0x00000000d6180000,0x00000000e1000000)
  from space 9728K, 0% used [0x00000000e1c80000,0x00000000e1c80000,0x00000000e2600000)
  to   space 12288K, 0% used [0x00000000e1000000,0x00000000e1000000,0x00000000e1c00000)
 ParOldGen       total 67072K, used 19101K [0x0000000082400000, 0x0000000086580000, 0x00000000d6180000)
  object space 67072K, 28% used [0x0000000082400000,0x00000000836a7740,0x0000000086580000)
 Metaspace       used 34911K, capacity 35334K, committed 35456K, reserved 1081344K
  class space    used 4336K, capacity 4472K, committed 4480K, reserved 1048576K
}
Event: 17.238 GC heap before
{Heap before GC invocations=13 (full 2):
 PSYoungGen      total 188416K, used 178688K [0x00000000d6180000, 0x00000000e2800000, 0x0000000100000000)
  eden space 178688K, 100% used [0x00000000d6180000,0x00000000e1000000,0x00000000e1000000)
  from space 9728K, 0% used [0x00000000e1c80000,0x00000000e1c80000,0x00000000e2600000)
  to   space 12288K, 0% used [0x00000000e1000000,0x00000000e1000000,0x00000000e1c00000)
 ParOldGen       total 67072K, used 19101K [0x0000000082400000, 0x0000000086580000, 0x00000000d6180000)
  object space 67072K, 28% used [0x0000000082400000,0x00000000836a7740,0x0000000086580000)
 Metaspace       used 44746K, capacity 45196K, committed 45568K, reserved 1089536K
  class space    used 5707K, capacity 5817K, committed 5888K, reserved 1048576K
Event: 17.255 GC heap after
Heap after GC invocations=13 (full 2):
 PSYoungGen      total 190976K, used 11521K [0x00000000d6180000, 0x00000000e2800000, 0x0000000100000000)
  eden space 178688K, 0% used [0x00000000d6180000,0x00000000d6180000,0x00000000e1000000)
  from space 12288K, 93% used [0x00000000e1000000,0x00000000e1b40630,0x00000000e1c00000)
  to   space 9728K, 0% used [0x00000000e1c80000,0x00000000e1c80000,0x00000000e2600000)
 ParOldGen       total 67072K, used 19109K [0x0000000082400000, 0x0000000086580000, 0x00000000d6180000)
  object space 67072K, 28% used [0x0000000082400000,0x00000000836a9740,0x0000000086580000)
 Metaspace       used 44746K, capacity 45196K, committed 45568K, reserved 1089536K
  class space    used 5707K, capacity 5817K, committed 5888K, reserved 1048576K
}
Event: 19.272 GC heap before
{Heap before GC invocations=14 (full 2):
 PSYoungGen      total 190976K, used 190209K [0x00000000d6180000, 0x00000000e2800000, 0x0000000100000000)
  eden space 178688K, 100% used [0x00000000d6180000,0x00000000e1000000,0x00000000e1000000)
  from space 12288K, 93% used [0x00000000e1000000,0x00000000e1b40630,0x00000000e1c00000)
  to   space 9728K, 0% used [0x00000000e1c80000,0x00000000e1c80000,0x00000000e2600000)
 ParOldGen       total 67072K, used 19109K [0x0000000082400000, 0x0000000086580000, 0x00000000d6180000)
  object space 67072K, 28% used [0x0000000082400000,0x00000000836a9740,0x0000000086580000)
 Metaspace       used 48974K, capacity 49492K, committed 49920K, reserved 1093632K
  class space    used 6155K, capacity 6287K, committed 6400K, reserved 1048576K
Event: 19.291 GC heap after
Heap after GC invocations=14 (full 2):
 PSYoungGen      total 188416K, used 9459K [0x00000000d6180000, 0x00000000e2800000, 0x0000000100000000)
  eden space 178688K, 0% used [0x00000000d6180000,0x00000000d6180000,0x00000000e1000000)
  from space 9728K, 97% used [0x00000000e1c80000,0x00000000e25bcc60,0x00000000e2600000)
  to   space 12288K, 0% used [0x00000000e1000000,0x00000000e1000000,0x00000000e1c00000)
 ParOldGen       total 67072K, used 23897K [0x0000000082400000, 0x0000000086580000, 0x00000000d6180000)
  object space 67072K, 35% used [0x0000000082400000,0x0000000083b567b0,0x0000000086580000)
 Metaspace       used 48974K, capacity 49492K, committed 49920K, reserved 1093632K
  class space    used 6155K, capacity 6287K, committed 6400K, reserved 1048576K
}
Event: 21.107 GC heap before
{Heap before GC invocations=15 (full 2):
 PSYoungGen      total 188416K, used 188147K [0x00000000d6180000, 0x00000000e2800000, 0x0000000100000000)
  eden space 178688K, 100% used [0x00000000d6180000,0x00000000e1000000,0x00000000e1000000)
  from space 9728K, 97% used [0x00000000e1c80000,0x00000000e25bcc60,0x00000000e2600000)
  to   space 12288K, 0% used [0x00000000e1000000,0x00000000e1000000,0x00000000e1c00000)
 ParOldGen       total 67072K, used 23897K [0x0000000082400000, 0x0000000086580000, 0x00000000d6180000)
  object space 67072K, 35% used [0x0000000082400000,0x0000000083b567b0,0x0000000086580000)
 Metaspace       used 51757K, capacity 52298K, committed 52864K, reserved 1095680K
  class space    used 6560K, capacity 6680K, committed 6784K, reserved 1048576K
Event: 21.244 GC heap after
Heap after GC invocations=15 (full 2):
 PSYoungGen      total 190976K, used 7479K [0x00000000d6180000, 0x00000000e2800000, 0x0000000100000000)
  eden space 178688K, 0% used [0x00000000d6180000,0x00000000d6180000,0x00000000e1000000)
  from space 12288K, 60% used [0x00000000e1000000,0x00000000e174dea0,0x00000000e1c00000)
  to   space 9728K, 0% used [0x00000000e1c80000,0x00000000e1c80000,0x00000000e2600000)
 ParOldGen       total 67072K, used 30550K [0x0000000082400000, 0x0000000086580000, 0x00000000d6180000)
  object space 67072K, 45% used [0x0000000082400000,0x00000000841d58d0,0x0000000086580000)
 Metaspace       used 51757K, capacity 52298K, committed 52864K, reserved 1095680K
  class space    used 6560K, capacity 6680K, committed 6784K, reserved 1048576K
}

