# JRE version: Java(TM) SE Runtime Environment (8.0_144-b01) (build 1.8.0_144-b01)
# Java VM: Java HotSpot(TM) 64-Bit Server VM (25.144-b01 mixed mode windows-amd64 compressed oops)
Heap:
 PSYoungGen      total 173056K, used 120581K [0x00000000d6180000, 0x00000000e1800000, 0x0000000100000000)
  eden space 160256K, 68% used [0x00000000d6180000,0x00000000dcd10f90,0x00000000dfe00000)
  from space 12800K, 81% used [0x00000000e0b00000,0x00000000e1530780,0x00000000e1780000)
  to   space 13312K, 0% used [0x00000000dfe00000,0x00000000dfe00000,0x00000000e0b00000)
 ParOldGen       total 92160K, used 18302K [0x0000000082400000, 0x0000000087e00000, 0x00000000d6180000)
  object space 92160K, 19% used [0x0000000082400000,0x00000000835df8a0,0x0000000087e00000)
 Metaspace       used 45824K, capacity 46292K, committed 46760K, reserved 1089536K
  class space    used 5842K, capacity 5947K, committed 6056K, reserved 1048576K
GC Heap History (10 events):
Event: 7.154 GC heap before
{Heap before GC invocations=8 (full 1):
 PSYoungGen      total 108032K, used 107977K [0x00000000d6180000, 0x00000000dee80000, 0x0000000100000000)
  eden space 103936K, 100% used [0x00000000d6180000,0x00000000dc700000,0x00000000dc700000)
  from space 4096K, 98% used [0x00000000dea80000,0x00000000dee727c0,0x00000000dee80000)
  to   space 9216K, 0% used [0x00000000ddc80000,0x00000000ddc80000,0x00000000de580000)
 ParOldGen       total 57344K, used 7739K [0x0000000082400000, 0x0000000085c00000, 0x00000000d6180000)
  object space 57344K, 13% used [0x0000000082400000,0x0000000082b8ef18,0x0000000085c00000)
 Metaspace       used 27421K, capacity 27818K, committed 28080K, reserved 1073152K
  class space    used 3362K, capacity 3460K, committed 3504K, reserved 1048576K
Event: 7.177 GC heap after
Heap after GC invocations=8 (full 1):
 PSYoungGen      total 135168K, used 7495K [0x00000000d6180000, 0x00000000e1280000, 0x0000000100000000)
  eden space 125952K, 0% used [0x00000000d6180000,0x00000000d6180000,0x00000000ddc80000)
  from space 9216K, 81% used [0x00000000ddc80000,0x00000000de3d1ce8,0x00000000de580000)
  to   space 9728K, 0% used [0x00000000e0900000,0x00000000e0900000,0x00000000e1280000)
 ParOldGen       total 57344K, used 7747K [0x0000000082400000, 0x0000000085c00000, 0x00000000d6180000)
  object space 57344K, 13% used [0x0000000082400000,0x0000000082b90f18,0x0000000085c00000)
 Metaspace       used 27421K, capacity 27818K, committed 28080K, reserved 1073152K
  class space    used 3362K, capacity 3460K, committed 3504K, reserved 1048576K
}
Event: 8.969 GC heap before
{Heap before GC invocations=9 (full 1):
 PSYoungGen      total 135168K, used 133447K [0x00000000d6180000, 0x00000000e1280000, 0x0000000100000000)
  eden space 125952K, 100% used [0x00000000d6180000,0x00000000ddc80000,0x00000000ddc80000)
  from space 9216K, 81% used [0x00000000ddc80000,0x00000000de3d1ce8,0x00000000de580000)
  to   space 9728K, 0% used [0x00000000e0900000,0x00000000e0900000,0x00000000e1280000)
 ParOldGen       total 57344K, used 7747K [0x0000000082400000, 0x0000000085c00000, 0x00000000d6180000)
  object space 57344K, 13% used [0x0000000082400000,0x0000000082b90f18,0x0000000085c00000)
 Metaspace       used 30315K, capacity 30762K, committed 31152K, reserved 1077248K
  class space    used 3779K, capacity 3892K, committed 4016K, reserved 1048576K
Event: 8.981 GC heap after
Heap after GC invocations=9 (full 1):
 PSYoungGen      total 135680K, used 9298K [0x00000000d6180000, 0x00000000e1280000, 0x0000000100000000)
  eden space 125952K, 0% used [0x00000000d6180000,0x00000000d6180000,0x00000000ddc80000)
  from space 9728K, 95% used [0x00000000e0900000,0x00000000e1214ad0,0x00000000e1280000)
  to   space 9216K, 0% used [0x00000000ddc80000,0x00000000ddc80000,0x00000000de580000)
 ParOldGen       total 57344K, used 7755K [0x0000000082400000, 0x0000000085c00000, 0x00000000d6180000)
  object space 57344K, 13% used [0x0000000082400000,0x0000000082b92f18,0x0000000085c00000)
 Metaspace       used 30315K, capacity 30762K, committed 31152K, reserved 1077248K
  class space    used 3779K, capacity 3892K, committed 4016K, reserved 1048576K
}
Event: 13.271 GC heap before
{Heap before GC invocations=10 (full 1):
 PSYoungGen      total 135680K, used 56245K [0x00000000d6180000, 0x00000000e1280000, 0x0000000100000000)
  eden space 125952K, 37% used [0x00000000d6180000,0x00000000d8f58970,0x00000000ddc80000)
  from space 9728K, 95% used [0x00000000e0900000,0x00000000e1214ad0,0x00000000e1280000)
  to   space 9216K, 0% used [0x00000000ddc80000,0x00000000ddc80000,0x00000000de580000)
 ParOldGen       total 57344K, used 7755K [0x0000000082400000, 0x0000000085c00000, 0x00000000d6180000)
  object space 57344K, 13% used [0x0000000082400000,0x0000000082b92f18,0x0000000085c00000)
 Metaspace       used 34843K, capacity 35298K, committed 35496K, reserved 1081344K
  class space    used 4322K, capacity 4440K, committed 4520K, reserved 1048576K
Event: 13.284 GC heap after
Heap after GC invocations=10 (full 1):
 PSYoungGen      total 135168K, used 9184K [0x00000000d6180000, 0x00000000e1780000, 0x0000000100000000)
  eden space 125952K, 0% used [0x00000000d6180000,0x00000000d6180000,0x00000000ddc80000)
  from space 9216K, 99% used [0x00000000ddc80000,0x00000000de578218,0x00000000de580000)
  to   space 12800K, 0% used [0x00000000e0b00000,0x00000000e0b00000,0x00000000e1780000)
 ParOldGen       total 57344K, used 11074K [0x0000000082400000, 0x0000000085c00000, 0x00000000d6180000)
  object space 57344K, 19% used [0x0000000082400000,0x0000000082ed0858,0x0000000085c00000)
 Metaspace       used 34843K, capacity 35298K, committed 35496K, reserved 1081344K
  class space    used 4322K, capacity 4440K, committed 4520K, reserved 1048576K
}
Event: 13.284 GC heap before
{Heap before GC invocations=11 (full 2):
 PSYoungGen      total 135168K, used 9184K [0x00000000d6180000, 0x00000000e1780000, 0x0000000100000000)
  eden space 125952K, 0% used [0x00000000d6180000,0x00000000d6180000,0x00000000ddc80000)
  from space 9216K, 99% used [0x00000000ddc80000,0x00000000de578218,0x00000000de580000)
  to   space 12800K, 0% used [0x00000000e0b00000,0x00000000e0b00000,0x00000000e1780000)
 ParOldGen       total 57344K, used 11074K [0x0000000082400000, 0x0000000085c00000, 0x00000000d6180000)
  object space 57344K, 19% used [0x0000000082400000,0x0000000082ed0858,0x0000000085c00000)
 Metaspace       used 34843K, capacity 35298K, committed 35496K, reserved 1081344K
  class space    used 4322K, capacity 4440K, committed 4520K, reserved 1048576K
Event: 13.388 GC heap after
Heap after GC invocations=11 (full 2):
 PSYoungGen      total 135168K, used 0K [0x00000000d6180000, 0x00000000e1780000, 0x0000000100000000)
  eden space 125952K, 0% used [0x00000000d6180000,0x00000000d6180000,0x00000000ddc80000)
  from space 9216K, 0% used [0x00000000ddc80000,0x00000000ddc80000,0x00000000de580000)
  to   space 12800K, 0% used [0x00000000e0b00000,0x00000000e0b00000,0x00000000e1780000)
 ParOldGen       total 92160K, used 18294K [0x0000000082400000, 0x0000000087e00000, 0x00000000d6180000)
  object space 92160K, 19% used [0x0000000082400000,0x00000000835dd8a0,0x0000000087e00000)
 Metaspace       used 34843K, capacity 35298K, committed 35496K, reserved 1081344K
  class space    used 4322K, capacity 4440K, committed 4520K, reserved 1048576K
}
Event: 15.359 GC heap before
{Heap before GC invocations=12 (full 2):
 PSYoungGen      total 135168K, used 125952K [0x00000000d6180000, 0x00000000e1780000, 0x0000000100000000)
  eden space 125952K, 100% used [0x00000000d6180000,0x00000000ddc80000,0x00000000ddc80000)
  from space 9216K, 0% used [0x00000000ddc80000,0x00000000ddc80000,0x00000000de580000)
  to   space 12800K, 0% used [0x00000000e0b00000,0x00000000e0b00000,0x00000000e1780000)
 ParOldGen       total 92160K, used 18294K [0x0000000082400000, 0x0000000087e00000, 0x00000000d6180000)
  object space 92160K, 19% used [0x0000000082400000,0x00000000835dd8a0,0x0000000087e00000)
 Metaspace       used 44444K, capacity 44872K, committed 45096K, reserved 1089536K
  class space    used 5702K, capacity 5817K, committed 5928K, reserved 1048576K
Event: 15.373 GC heap after
Heap after GC invocations=12 (full 2):
 PSYoungGen      total 173056K, used 10433K [0x00000000d6180000, 0x00000000e1800000, 0x0000000100000000)
  eden space 160256K, 0% used [0x00000000d6180000,0x00000000d6180000,0x00000000dfe00000)
  from space 12800K, 81% used [0x00000000e0b00000,0x00000000e1530780,0x00000000e1780000)
  to   space 13312K, 0% used [0x00000000dfe00000,0x00000000dfe00000,0x00000000e0b00000)
 ParOldGen       total 92160K, used 18302K [0x0000000082400000, 0x0000000087e00000, 0x00000000d6180000)
  object space 92160K, 19% used [0x0000000082400000,0x00000000835df8a0,0x0000000087e00000)
 Metaspace       used 44444K, capacity 44872K, committed 45096K, reserved 1089536K
  class space    used 5702K, capacity 5817K, committed 5928K, reserved 1048576K
}

